<?xml version="1.0" encoding="UTF-8"?>
<coverage generated="1751694937197" clover="3.2.0">
  <project timestamp="1751694937197" name="All files">
    <metrics statements="62" coveredstatements="62" conditionals="9" coveredconditionals="9" methods="3" coveredmethods="3" elements="74" coveredelements="74" complexity="0" loc="62" ncloc="62" packages="1" files="1" classes="1"/>
    <file name="ScrollToTop.tsx" path="/Users/isurugikeito/dev/portfolio/kei-talk/frontend/src/components/layout/ScrollToTop.tsx">
      <metrics statements="62" coveredstatements="62" conditionals="9" coveredconditionals="9" methods="3" coveredmethods="3"/>
      <line num="1" count="1" type="stmt"/>
      <line num="2" count="1" type="stmt"/>
      <line num="3" count="1" type="stmt"/>
      <line num="4" count="1" type="stmt"/>
      <line num="5" count="1" type="stmt"/>
      <line num="6" count="1" type="stmt"/>
      <line num="7" count="1" type="stmt"/>
      <line num="8" count="1" type="cond" truecount="1" falsecount="0"/>
      <line num="9" count="15" type="stmt"/>
      <line num="10" count="15" type="stmt"/>
      <line num="11" count="15" type="stmt"/>
      <line num="12" count="15" type="cond" truecount="1" falsecount="0"/>
      <line num="13" count="8" type="cond" truecount="1" falsecount="0"/>
      <line num="14" count="8" type="stmt"/>
      <line num="15" count="8" type="cond" truecount="1" falsecount="0"/>
      <line num="16" count="6" type="stmt"/>
      <line num="17" count="8" type="cond" truecount="1" falsecount="0"/>
      <line num="18" count="2" type="stmt"/>
      <line num="19" count="2" type="stmt"/>
      <line num="20" count="8" type="stmt"/>
      <line num="21" count="8" type="stmt"/>
      <line num="22" count="8" type="stmt"/>
      <line num="23" count="8" type="stmt"/>
      <line num="24" count="8" type="cond" truecount="1" falsecount="0"/>
      <line num="25" count="15" type="stmt"/>
      <line num="26" count="15" type="stmt"/>
      <line num="27" count="15" type="stmt"/>
      <line num="28" count="15" type="cond" truecount="1" falsecount="0"/>
      <line num="29" count="1" type="stmt"/>
      <line num="30" count="1" type="stmt"/>
      <line num="31" count="1" type="stmt"/>
      <line num="32" count="1" type="stmt"/>
      <line num="33" count="15" type="stmt"/>
      <line num="34" count="15" type="stmt"/>
      <line num="35" count="15" type="cond" truecount="1" falsecount="0"/>
      <line num="36" count="9" type="stmt"/>
      <line num="37" count="9" type="stmt"/>
      <line num="38" count="6" type="cond" truecount="1" falsecount="0"/>
      <line num="39" count="6" type="stmt"/>
      <line num="40" count="6" type="stmt"/>
      <line num="41" count="6" type="stmt"/>
      <line num="42" count="6" type="stmt"/>
      <line num="43" count="6" type="stmt"/>
      <line num="44" count="6" type="stmt"/>
      <line num="45" count="6" type="stmt"/>
      <line num="46" count="6" type="stmt"/>
      <line num="47" count="6" type="stmt"/>
      <line num="48" count="6" type="stmt"/>
      <line num="49" count="6" type="stmt"/>
      <line num="50" count="6" type="stmt"/>
      <line num="51" count="6" type="stmt"/>
      <line num="52" count="6" type="stmt"/>
      <line num="53" count="6" type="stmt"/>
      <line num="54" count="6" type="stmt"/>
      <line num="55" count="6" type="stmt"/>
      <line num="56" count="6" type="stmt"/>
      <line num="57" count="6" type="stmt"/>
      <line num="58" count="6" type="stmt"/>
      <line num="59" count="6" type="stmt"/>
      <line num="60" count="6" type="stmt"/>
      <line num="61" count="6" type="stmt"/>
      <line num="62" count="6" type="stmt"/>
    </file>
  </project>
</coverage>
