TN:
SF:src/components/layout/ScrollToTop.tsx
FN:8,ScrollToTop
FN:13,toggleVisibility
FN:28,scrollToTop
FNF:3
FNH:3
FNDA:15,ScrollToTop
FNDA:8,toggleVisibility
FNDA:1,scrollToTop
DA:1,1
DA:2,1
DA:3,1
DA:4,1
DA:5,1
DA:6,1
DA:7,1
DA:8,1
DA:9,15
DA:10,15
DA:11,15
DA:12,15
DA:13,8
DA:14,8
DA:15,8
DA:16,6
DA:17,8
DA:18,2
DA:19,2
DA:20,8
DA:21,8
DA:22,8
DA:23,8
DA:24,8
DA:25,15
DA:26,15
DA:27,15
DA:28,15
DA:29,1
DA:30,1
DA:31,1
DA:32,1
DA:33,15
DA:34,15
DA:35,15
DA:36,9
DA:37,9
DA:38,6
DA:39,6
DA:40,6
DA:41,6
DA:42,6
DA:43,6
DA:44,6
DA:45,6
DA:46,6
DA:47,6
DA:48,6
DA:49,6
DA:50,6
DA:51,6
DA:52,6
DA:53,6
DA:54,6
DA:55,6
DA:56,6
DA:57,6
DA:58,6
DA:59,6
DA:60,6
DA:61,6
DA:62,6
LF:62
LH:62
BRDA:8,0,0,15
BRDA:35,1,0,9
BRDA:38,2,0,6
BRDA:12,3,0,8
BRDA:13,4,0,8
BRDA:15,5,0,6
BRDA:17,6,0,2
BRDA:24,7,0,8
BRDA:28,8,0,1
BRF:9
BRH:9
end_of_record
