TN:
SF:src/components/calculator/ResultDisplay.tsx
FN:15,ResultDisplay
FNF:1
FNH:1
FNDA:7,ResultDisplay
DA:1,1
DA:2,1
DA:3,1
DA:4,1
DA:5,1
DA:6,1
DA:7,1
DA:8,1
DA:9,1
DA:10,1
DA:11,1
DA:12,1
DA:13,1
DA:14,1
DA:15,1
DA:16,7
DA:17,7
DA:18,7
DA:19,7
DA:20,7
DA:21,7
DA:22,7
DA:23,7
DA:24,7
DA:25,7
DA:26,7
DA:27,7
DA:28,7
DA:29,7
DA:30,7
DA:31,7
DA:32,7
DA:33,7
DA:34,7
DA:35,7
DA:36,7
DA:37,7
DA:38,7
DA:39,7
DA:40,7
DA:41,7
DA:42,7
DA:43,7
DA:44,7
DA:45,7
DA:46,7
DA:47,7
DA:48,7
DA:49,7
DA:50,7
DA:51,1
DA:52,1
DA:53,1
DA:54,7
DA:55,7
DA:56,7
DA:57,7
LF:57
LH:57
BRDA:15,0,0,7
BRDA:50,1,0,1
BRF:2
BRH:2
end_of_record
